app/build/outputs/logs/manifest-merger-debug-report.txt
-- Merging decision tree log ---
manifest
ADDED from src/main/AndroidManifest.xml:2:1-39:12
INJECTED from src/main/AndroidManifest.xml:2:1-39:12
INJECTED from src/main/AndroidManifest.xml:2:1-39:12
INJECTED from src/main/AndroidManifest.xml:2:1-39:12
	package
		INJECTED from src/main/AndroidManifest.xml
	android:versionName
		INJECTED from src/main/AndroidManifest.xml
	android:versionCode
		INJECTED from src/main/AndroidManifest.xml
	xmlns:android
		ADDED from src/main/AndroidManifest.xml:2:11-69
	android:installLocation
		ADDED from src/main/AndroidManifest.xml:3:2-32
uses-permission#android.permission.VIBRATE
ADDED from src/main/AndroidManifest.xml:5:5-65
	android:name
		ADDED from src/main/AndroidManifest.xml:5:22-63
uses-feature#0x00020000
ADDED from src/main/AndroidManifest.xml:9:2-10:40
	android:glEsVersion
		ADDED from src/main/AndroidManifest.xml:10:6-38
supports-screens
ADDED from src/main/AndroidManifest.xml:12:2-15:35
	android:largeScreens
		ADDED from src/main/AndroidManifest.xml:15:6-33
	android:smallScreens
		ADDED from src/main/AndroidManifest.xml:13:6-34
	android:normalScreens
		ADDED from src/main/AndroidManifest.xml:14:6-34
application
ADDED from src/main/AndroidManifest.xml:18:2-35:16
INJECTED from src/main/AndroidManifest.xml:18:2-35:16
	android:extractNativeLibs
		INJECTED from src/main/AndroidManifest.xml
	android:label
		ADDED from src/main/AndroidManifest.xml:20:3-35
	android:windowOptOutEdgeToEdgeEnforcement
		ADDED from src/main/AndroidManifest.xml:22:3-51
	android:icon
		ADDED from src/main/AndroidManifest.xml:19:3-39
	android:allowBackup
		ADDED from src/main/AndroidManifest.xml:23:3-30
	android:theme
		ADDED from src/main/AndroidManifest.xml:21:3-67
activity#com.github.dachhack.sprout.ShatteredPixelDungeon
ADDED from src/main/AndroidManifest.xml:24:3-33:14
	android:screenOrientation
		ADDED from src/main/AndroidManifest.xml:28:4-47
	android:label
		ADDED from src/main/AndroidManifest.xml:25:4-36
	android:exported
		ADDED from src/main/AndroidManifest.xml:27:4-27
	android:name
		ADDED from src/main/AndroidManifest.xml:26:4-41
intent-filter#action:name:android.intent.action.MAIN+category:name:android.intent.category.LAUNCHER
ADDED from src/main/AndroidManifest.xml:29:4-32:20
action#android.intent.action.MAIN
ADDED from src/main/AndroidManifest.xml:30:5-57
	android:name
		ADDED from src/main/AndroidManifest.xml:30:13-54
category#android.intent.category.LAUNCHER
ADDED from src/main/AndroidManifest.xml:31:5-65
	android:name
		ADDED from src/main/AndroidManifest.xml:31:15-62
uses-sdk
INJECTED from src/main/AndroidManifest.xml reason: use-sdk injection requested
INJECTED from src/main/AndroidManifest.xml
INJECTED from src/main/AndroidManifest.xml
	android:targetSdkVersion
		INJECTED from src/main/AndroidManifest.xml
	android:minSdkVersion
		INJECTED from src/main/AndroidManifest.xml